<?xml version="1.0" encoding="UTF-8"?>
<testsuite xmlns:xsi="http://www.w3.org/2001/XMLSchema-instance" xsi:noNamespaceSchemaLocation="https://maven.apache.org/surefire/maven-surefire-plugin/xsd/surefire-test-report-3.0.xsd" version="3.0" name="Testing" time="3.449" tests="1" errors="0" skipped="0" failures="0">
  <properties>
    <property name="java.specification.version" value="17"/>
    <property name="sun.jnu.encoding" value="UTF-8"/>
    <property name="java.class.path" value="/Users/naufalsunandar/Documents/Java Playground/newProject/target/test-classes:/Users/naufalsunandar/Documents/Java Playground/newProject/target/classes:/Users/naufalsunandar/.m2/repository/io/rest-assured/rest-assured/5.5.0/rest-assured-5.5.0.jar:/Users/naufalsunandar/.m2/repository/org/apache/groovy/groovy/4.0.22/groovy-4.0.22.jar:/Users/naufalsunandar/.m2/repository/org/apache/groovy/groovy-xml/4.0.22/groovy-xml-4.0.22.jar:/Users/naufalsunandar/.m2/repository/org/apache/httpcomponents/httpclient/4.5.13/httpclient-4.5.13.jar:/Users/naufalsunandar/.m2/repository/org/apache/httpcomponents/httpcore/4.4.13/httpcore-4.4.13.jar:/Users/naufalsunandar/.m2/repository/commons-logging/commons-logging/1.2/commons-logging-1.2.jar:/Users/naufalsunandar/.m2/repository/commons-codec/commons-codec/1.11/commons-codec-1.11.jar:/Users/naufalsunandar/.m2/repository/org/apache/httpcomponents/httpmime/4.5.13/httpmime-4.5.13.jar:/Users/naufalsunandar/.m2/repository/org/hamcrest/hamcrest/2.2/hamcrest-2.2.jar:/Users/naufalsunandar/.m2/repository/org/ccil/cowan/tagsoup/tagsoup/1.2.1/tagsoup-1.2.1.jar:/Users/naufalsunandar/.m2/repository/io/rest-assured/json-path/5.5.0/json-path-5.5.0.jar:/Users/naufalsunandar/.m2/repository/org/apache/groovy/groovy-json/4.0.22/groovy-json-4.0.22.jar:/Users/naufalsunandar/.m2/repository/io/rest-assured/rest-assured-common/5.5.0/rest-assured-common-5.5.0.jar:/Users/naufalsunandar/.m2/repository/io/rest-assured/xml-path/5.5.0/xml-path-5.5.0.jar:/Users/naufalsunandar/.m2/repository/org/apache/commons/commons-lang3/3.11/commons-lang3-3.11.jar:/Users/naufalsunandar/.m2/repository/junit/junit/4.13.2/junit-4.13.2.jar:/Users/naufalsunandar/.m2/repository/org/hamcrest/hamcrest-core/1.3/hamcrest-core-1.3.jar:"/>
    <property name="java.vm.vendor" value="Oracle Corporation"/>
    <property name="sun.arch.data.model" value="64"/>
    <property name="java.vendor.url" value="https://java.oracle.com/"/>
    <property name="os.name" value="Mac OS X"/>
    <property name="java.vm.specification.version" value="17"/>
    <property name="sun.java.launcher" value="SUN_STANDARD"/>
    <property name="user.country" value="ID"/>
    <property name="sun.boot.library.path" value="/Library/Java/JavaVirtualMachines/jdk-17.0.3.1.jdk/Contents/Home/lib"/>
    <property name="sun.java.command" value="/Users/naufalsunandar/Documents/Java Playground/newProject/target/surefire/surefirebooter-20241223162534279_3.jar /Users/naufalsunandar/Documents/Java Playground/newProject/target/surefire 2024-12-23T16-25-34_188-jvmRun1 surefire-20241223162534279_1tmp surefire_0-20241223162534279_2tmp"/>
    <property name="http.nonProxyHosts" value="local|*.local|169.254/16|*.169.254/16|dns.google|*.dns.google|one.one.one.one|*.one.one.one.one"/>
    <property name="jdk.debug" value="release"/>
    <property name="surefire.test.class.path" value="/Users/naufalsunandar/Documents/Java Playground/newProject/target/test-classes:/Users/naufalsunandar/Documents/Java Playground/newProject/target/classes:/Users/naufalsunandar/.m2/repository/io/rest-assured/rest-assured/5.5.0/rest-assured-5.5.0.jar:/Users/naufalsunandar/.m2/repository/org/apache/groovy/groovy/4.0.22/groovy-4.0.22.jar:/Users/naufalsunandar/.m2/repository/org/apache/groovy/groovy-xml/4.0.22/groovy-xml-4.0.22.jar:/Users/naufalsunandar/.m2/repository/org/apache/httpcomponents/httpclient/4.5.13/httpclient-4.5.13.jar:/Users/naufalsunandar/.m2/repository/org/apache/httpcomponents/httpcore/4.4.13/httpcore-4.4.13.jar:/Users/naufalsunandar/.m2/repository/commons-logging/commons-logging/1.2/commons-logging-1.2.jar:/Users/naufalsunandar/.m2/repository/commons-codec/commons-codec/1.11/commons-codec-1.11.jar:/Users/naufalsunandar/.m2/repository/org/apache/httpcomponents/httpmime/4.5.13/httpmime-4.5.13.jar:/Users/naufalsunandar/.m2/repository/org/hamcrest/hamcrest/2.2/hamcrest-2.2.jar:/Users/naufalsunandar/.m2/repository/org/ccil/cowan/tagsoup/tagsoup/1.2.1/tagsoup-1.2.1.jar:/Users/naufalsunandar/.m2/repository/io/rest-assured/json-path/5.5.0/json-path-5.5.0.jar:/Users/naufalsunandar/.m2/repository/org/apache/groovy/groovy-json/4.0.22/groovy-json-4.0.22.jar:/Users/naufalsunandar/.m2/repository/io/rest-assured/rest-assured-common/5.5.0/rest-assured-common-5.5.0.jar:/Users/naufalsunandar/.m2/repository/io/rest-assured/xml-path/5.5.0/xml-path-5.5.0.jar:/Users/naufalsunandar/.m2/repository/org/apache/commons/commons-lang3/3.11/commons-lang3-3.11.jar:/Users/naufalsunandar/.m2/repository/junit/junit/4.13.2/junit-4.13.2.jar:/Users/naufalsunandar/.m2/repository/org/hamcrest/hamcrest-core/1.3/hamcrest-core-1.3.jar:"/>
    <property name="sun.cpu.endian" value="little"/>
    <property name="user.home" value="/Users/naufalsunandar"/>
    <property name="user.language" value="en"/>
    <property name="java.specification.vendor" value="Oracle Corporation"/>
    <property name="java.version.date" value="2022-04-22"/>
    <property name="java.home" value="/Library/Java/JavaVirtualMachines/jdk-17.0.3.1.jdk/Contents/Home"/>
    <property name="file.separator" value="/"/>
    <property name="basedir" value="/Users/naufalsunandar/Documents/Java Playground/newProject"/>
    <property name="java.vm.compressedOopsMode" value="Zero based"/>
    <property name="line.separator" value="&#10;"/>
    <property name="java.specification.name" value="Java Platform API Specification"/>
    <property name="java.vm.specification.vendor" value="Oracle Corporation"/>
    <property name="surefire.real.class.path" value="/Users/naufalsunandar/Documents/Java Playground/newProject/target/surefire/surefirebooter-20241223162534279_3.jar"/>
    <property name="sun.management.compiler" value="HotSpot 64-Bit Tiered Compilers"/>
    <property name="ftp.nonProxyHosts" value="local|*.local|169.254/16|*.169.254/16|dns.google|*.dns.google|one.one.one.one|*.one.one.one.one"/>
    <property name="java.runtime.version" value="17.0.3.1+2-LTS-6"/>
    <property name="user.name" value="naufalsunandar"/>
    <property name="path.separator" value=":"/>
    <property name="os.version" value="14.5"/>
    <property name="java.runtime.name" value="Java(TM) SE Runtime Environment"/>
    <property name="file.encoding" value="UTF-8"/>
    <property name="java.vm.name" value="Java HotSpot(TM) 64-Bit Server VM"/>
    <property name="localRepository" value="/Users/naufalsunandar/.m2/repository"/>
    <property name="java.vendor.url.bug" value="https://bugreport.java.com/bugreport/"/>
    <property name="java.io.tmpdir" value="/var/folders/hd/2y_pccf15ll2zys0gtzkxv_h0000gn/T/"/>
    <property name="java.version" value="17.0.3.1"/>
    <property name="user.dir" value="/Users/naufalsunandar/Documents/Java Playground/newProject"/>
    <property name="os.arch" value="aarch64"/>
    <property name="java.vm.specification.name" value="Java Virtual Machine Specification"/>
    <property name="native.encoding" value="UTF-8"/>
    <property name="java.library.path" value="/Users/naufalsunandar/Library/Java/Extensions:/Library/Java/Extensions:/Network/Library/Java/Extensions:/System/Library/Java/Extensions:/usr/lib/java:."/>
    <property name="java.vm.info" value="mixed mode, sharing"/>
    <property name="java.vendor" value="Oracle Corporation"/>
    <property name="java.vm.version" value="17.0.3.1+2-LTS-6"/>
    <property name="sun.io.unicode.encoding" value="UnicodeBig"/>
    <property name="socksNonProxyHosts" value="local|*.local|169.254/16|*.169.254/16|dns.google|*.dns.google|one.one.one.one|*.one.one.one.one"/>
    <property name="java.class.version" value="61.0"/>
  </properties>
  <testcase name="runTheTest" classname="Testing" time="3.411">
    <system-out><![CDATA[{
    "bookingid": 2509,
    "booking": {
        "firstname": "naufal",
        "lastname": "sunandar",
        "totalprice": 111,
        "depositpaid": true,
        "bookingdates": {
            "checkin": "2018-01-01",
            "checkout": "2019-01-01"
        },
        "additionalneeds": "Breakfast"
    }
}
-----test----
2509
]]></system-out>
  </testcase>
</testsuite>